<?xml version="1.0" encoding="UTF-8"?>
<!-- Generated by org.testng.reporters.JUnitReportReporter -->
<testsuite hostname="Lenovo" name="org.books.persistence.CustomerDAOTest" tests="8" failures="0" timestamp="9 Mar 2016 16:34:03 GMT" time="0.210" errors="0">
  <testcase name="testUpdate" time="0.021" classname="org.books.persistence.CustomerDAOTest"/>
  <testcase name="uniqueEmailTest" time="0.017" classname="org.books.persistence.CustomerDAOTest"/>
  <testcase name="testCreate" time="0.025" classname="org.books.persistence.CustomerDAOTest"/>
  <testcase name="searchByNameToken" time="0.030" classname="org.books.persistence.CustomerDAOTest"/>
  <testcase name="findByNumber" time="0.018" classname="org.books.persistence.CustomerDAOTest"/>
  <testcase name="testFindMaxNumber" time="0.028" classname="org.books.persistence.CustomerDAOTest"/>
  <testcase name="find" time="0.021" classname="org.books.persistence.CustomerDAOTest"/>
  <testcase name="testDelete" time="0.050" classname="org.books.persistence.CustomerDAOTest"/>
</testsuite> <!-- org.books.persistence.CustomerDAOTest -->
