<?xml version="1.0" encoding="UTF-8"?>
<!-- Generated by org.testng.reporters.JUnitReportReporter -->
<testsuite hostname="Lenovo" name="org.books.persistence.BookDAOTest" tests="5" failures="0" timestamp="9 Mar 2016 16:34:03 GMT" time="0.823" errors="0">
  <testcase name="buildCriteriaQuery" time="0.061" classname="org.books.persistence.BookDAOTest"/>
  <testcase name="testCreate" time="0.464" classname="org.books.persistence.BookDAOTest"/>
  <testcase name="testUpdate" time="0.258" classname="org.books.persistence.BookDAOTest"/>
  <testcase name="testDelete" time="0.025" classname="org.books.persistence.BookDAOTest"/>
  <testcase name="find" time="0.015" classname="org.books.persistence.BookDAOTest"/>
</testsuite> <!-- org.books.persistence.BookDAOTest -->
