<?xml version="1.0" encoding="UTF-8"?>
<!-- Generated by org.testng.reporters.JUnitReportReporter -->
<testsuite hostname="Lenovo" name="org.books.persistence.OrderDAOTest" tests="9" failures="0" timestamp="9 Mar 2016 16:34:03 GMT" time="0.307" errors="0">
  <testcase name="testFindMaxNumber" time="0.014" classname="org.books.persistence.OrderDAOTest"/>
  <testcase name="testDelete" time="0.032" classname="org.books.persistence.OrderDAOTest"/>
  <testcase name="testPlaceOrderNoCustomer" time="0.015" classname="org.books.persistence.OrderDAOTest"/>
  <testcase name="testUpdate" time="0.033" classname="org.books.persistence.OrderDAOTest"/>
  <testcase name="testPlaceOrder" time="0.046" classname="org.books.persistence.OrderDAOTest"/>
  <testcase name="testSearch" time="0.040" classname="org.books.persistence.OrderDAOTest"/>
  <testcase name="testPlaceOrderNoBook" time="0.017" classname="org.books.persistence.OrderDAOTest"/>
  <testcase name="testSearchNumber" time="0.032" classname="org.books.persistence.OrderDAOTest"/>
  <testcase name="testCreate" time="0.078" classname="org.books.persistence.OrderDAOTest"/>
</testsuite> <!-- org.books.persistence.OrderDAOTest -->
