<?xml version="1.0" encoding="UTF-8"?>
<!-- Generated by org.testng.reporters.JUnitReportReporter -->
<testsuite hostname="Lenovo" name="org.books.persistence.LoginDAOTest" tests="4" failures="0" timestamp="9 Mar 2016 16:34:03 GMT" time="0.094" errors="0">
  <testcase name="testFind" time="0.023" classname="org.books.persistence.LoginDAOTest"/>
  <testcase name="testCreate" time="0.033" classname="org.books.persistence.LoginDAOTest"/>
  <testcase name="testDelete" time="0.021" classname="org.books.persistence.LoginDAOTest"/>
  <testcase name="testUpdate" time="0.017" classname="org.books.persistence.LoginDAOTest"/>
</testsuite> <!-- org.books.persistence.LoginDAOTest -->
